<?xml version="1.0" encoding="UTF-8"?>
<!-- Generated by org.testng.reporters.JUnitXMLReporter -->
<testsuite ignored="0" hostname="GnanviMonvi" failures="0" tests="5" name="Default test" time="2.576" errors="0" timestamp="2025-03-26T07:44:20 IST">
  <testcase classname="com.todomvc.test.TodoTest" name="testAddTodo" time="0.118"/>
  <testcase classname="com.todomvc.test.TodoTest" name="testClearCompleted" time="0.198"/>
  <testcase classname="com.todomvc.test.TodoTest" name="testDeleteTodo" time="0.11"/>
  <testcase classname="com.todomvc.test.TodoTest" name="testFilterTodos" time="0.269"/>
  <testcase classname="com.todomvc.test.TodoTest" name="testMarkCompleted" time="0.069"/>
</testsuite> <!-- Default test -->
