<?xml version="1.0" encoding="UTF-8"?>
<testng-results ignored="0" total="5" passed="5" failed="0" skipped="0">
  <reporter-output>
  </reporter-output>
  <suite started-at="2025-03-26T07:44:17 IST" name="Default suite" finished-at="2025-03-26T07:44:20 IST" duration-ms="2576">
    <groups>
    </groups>
    <test started-at="2025-03-26T07:44:17 IST" name="Default test" finished-at="2025-03-26T07:44:20 IST" duration-ms="2576">
      <class name="com.todomvc.test.TodoTest">
        <test-method is-config="true" signature="setUp()[pri:0, instance:com.todomvc.test.TodoTest@235834f2]" started-at="2025-03-26T07:44:17 IST" name="setUp" finished-at="2025-03-26T07:44:19 IST" duration-ms="1619" status="PASS">
          <reporter-output>
          </reporter-output>
        </test-method> <!-- setUp -->
        <test-method is-config="true" signature="init()[pri:0, instance:com.todomvc.test.TodoTest@235834f2]" started-at="2025-03-26T07:44:19 IST" name="init" finished-at="2025-03-26T07:44:19 IST" duration-ms="2" status="PASS">
          <reporter-output>
          </reporter-output>
        </test-method> <!-- init -->
        <test-method signature="testAddTodo()[pri:0, instance:com.todomvc.test.TodoTest@235834f2]" started-at="2025-03-26T07:44:19 IST" name="testAddTodo" finished-at="2025-03-26T07:44:19 IST" duration-ms="118" status="PASS">
          <reporter-output>
          </reporter-output>
        </test-method> <!-- testAddTodo -->
        <test-method signature="testClearCompleted()[pri:0, instance:com.todomvc.test.TodoTest@235834f2]" started-at="2025-03-26T07:44:19 IST" name="testClearCompleted" finished-at="2025-03-26T07:44:19 IST" duration-ms="198" status="PASS">
          <reporter-output>
          </reporter-output>
        </test-method> <!-- testClearCompleted -->
        <test-method is-config="true" signature="init()[pri:0, instance:com.todomvc.test.TodoTest@235834f2]" started-at="2025-03-26T07:44:19 IST" name="init" finished-at="2025-03-26T07:44:19 IST" duration-ms="0" status="PASS">
          <reporter-output>
          </reporter-output>
        </test-method> <!-- init -->
        <test-method signature="testDeleteTodo()[pri:0, instance:com.todomvc.test.TodoTest@235834f2]" started-at="2025-03-26T07:44:19 IST" name="testDeleteTodo" finished-at="2025-03-26T07:44:19 IST" duration-ms="110" status="PASS">
          <reporter-output>
          </reporter-output>
        </test-method> <!-- testDeleteTodo -->
        <test-method is-config="true" signature="init()[pri:0, instance:com.todomvc.test.TodoTest@235834f2]" started-at="2025-03-26T07:44:19 IST" name="init" finished-at="2025-03-26T07:44:19 IST" duration-ms="0" status="PASS">
          <reporter-output>
          </reporter-output>
        </test-method> <!-- init -->
        <test-method is-config="true" signature="init()[pri:0, instance:com.todomvc.test.TodoTest@235834f2]" started-at="2025-03-26T07:44:19 IST" name="init" finished-at="2025-03-26T07:44:19 IST" duration-ms="0" status="PASS">
          <reporter-output>
          </reporter-output>
        </test-method> <!-- init -->
        <test-method signature="testFilterTodos()[pri:0, instance:com.todomvc.test.TodoTest@235834f2]" started-at="2025-03-26T07:44:19 IST" name="testFilterTodos" finished-at="2025-03-26T07:44:20 IST" duration-ms="269" status="PASS">
          <reporter-output>
          </reporter-output>
        </test-method> <!-- testFilterTodos -->
        <test-method is-config="true" signature="init()[pri:0, instance:com.todomvc.test.TodoTest@235834f2]" started-at="2025-03-26T07:44:20 IST" name="init" finished-at="2025-03-26T07:44:20 IST" duration-ms="1" status="PASS">
          <reporter-output>
          </reporter-output>
        </test-method> <!-- init -->
        <test-method signature="testMarkCompleted()[pri:0, instance:com.todomvc.test.TodoTest@235834f2]" started-at="2025-03-26T07:44:20 IST" name="testMarkCompleted" finished-at="2025-03-26T07:44:20 IST" duration-ms="69" status="PASS">
          <reporter-output>
          </reporter-output>
        </test-method> <!-- testMarkCompleted -->
        <test-method is-config="true" signature="tearDown()[pri:0, instance:com.todomvc.test.TodoTest@235834f2]" started-at="2025-03-26T07:44:20 IST" name="tearDown" finished-at="2025-03-26T07:44:20 IST" duration-ms="153" status="PASS">
          <reporter-output>
          </reporter-output>
        </test-method> <!-- tearDown -->
      </class> <!-- com.todomvc.test.TodoTest -->
    </test> <!-- Default test -->
  </suite> <!-- Default suite -->
</testng-results>
