<?xml version="1.0" encoding="UTF-8"?>
<testng-results ignored="0" total="5" passed="5" failed="0" skipped="0">
  <reporter-output>
  </reporter-output>
  <suite started-at="2025-03-26T07:49:24 IST" name="Surefire suite" finished-at="2025-03-26T07:49:27 IST" duration-ms="2579">
    <groups>
    </groups>
    <test started-at="2025-03-26T07:49:24 IST" name="Surefire test" finished-at="2025-03-26T07:49:27 IST" duration-ms="2579">
      <class name="com.todomvc.test.TodoTest">
        <test-method is-config="true" signature="setUp()[pri:0, instance:com.todomvc.test.TodoTest@6193932a]" started-at="2025-03-26T07:49:24 IST" name="setUp" finished-at="2025-03-26T07:49:26 IST" duration-ms="1748" status="PASS">
          <reporter-output>
          </reporter-output>
        </test-method> <!-- setUp -->
        <test-method is-config="true" signature="init()[pri:0, instance:com.todomvc.test.TodoTest@6193932a]" started-at="2025-03-26T07:49:26 IST" name="init" finished-at="2025-03-26T07:49:26 IST" duration-ms="2" status="PASS">
          <reporter-output>
          </reporter-output>
        </test-method> <!-- init -->
        <test-method signature="testAddTodo()[pri:0, instance:com.todomvc.test.TodoTest@6193932a]" started-at="2025-03-26T07:49:26 IST" name="testAddTodo" finished-at="2025-03-26T07:49:26 IST" duration-ms="124" status="PASS">
          <reporter-output>
          </reporter-output>
        </test-method> <!-- testAddTodo -->
        <test-method is-config="true" signature="init()[pri:0, instance:com.todomvc.test.TodoTest@6193932a]" started-at="2025-03-26T07:49:26 IST" name="init" finished-at="2025-03-26T07:49:26 IST" duration-ms="1" status="PASS">
          <reporter-output>
          </reporter-output>
        </test-method> <!-- init -->
        <test-method signature="testClearCompleted()[pri:0, instance:com.todomvc.test.TodoTest@6193932a]" started-at="2025-03-26T07:49:26 IST" name="testClearCompleted" finished-at="2025-03-26T07:49:26 IST" duration-ms="175" status="PASS">
          <reporter-output>
          </reporter-output>
        </test-method> <!-- testClearCompleted -->
        <test-method signature="testDeleteTodo()[pri:0, instance:com.todomvc.test.TodoTest@6193932a]" started-at="2025-03-26T07:49:26 IST" name="testDeleteTodo" finished-at="2025-03-26T07:49:26 IST" duration-ms="78" status="PASS">
          <reporter-output>
          </reporter-output>
        </test-method> <!-- testDeleteTodo -->
        <test-method is-config="true" signature="init()[pri:0, instance:com.todomvc.test.TodoTest@6193932a]" started-at="2025-03-26T07:49:26 IST" name="init" finished-at="2025-03-26T07:49:26 IST" duration-ms="0" status="PASS">
          <reporter-output>
          </reporter-output>
        </test-method> <!-- init -->
        <test-method signature="testFilterTodos()[pri:0, instance:com.todomvc.test.TodoTest@6193932a]" started-at="2025-03-26T07:49:26 IST" name="testFilterTodos" finished-at="2025-03-26T07:49:27 IST" duration-ms="240" status="PASS">
          <reporter-output>
          </reporter-output>
        </test-method> <!-- testFilterTodos -->
        <test-method is-config="true" signature="init()[pri:0, instance:com.todomvc.test.TodoTest@6193932a]" started-at="2025-03-26T07:49:26 IST" name="init" finished-at="2025-03-26T07:49:26 IST" duration-ms="0" status="PASS">
          <reporter-output>
          </reporter-output>
        </test-method> <!-- init -->
        <test-method signature="testMarkCompleted()[pri:0, instance:com.todomvc.test.TodoTest@6193932a]" started-at="2025-03-26T07:49:27 IST" name="testMarkCompleted" finished-at="2025-03-26T07:49:27 IST" duration-ms="60" status="PASS">
          <reporter-output>
          </reporter-output>
        </test-method> <!-- testMarkCompleted -->
        <test-method is-config="true" signature="init()[pri:0, instance:com.todomvc.test.TodoTest@6193932a]" started-at="2025-03-26T07:49:27 IST" name="init" finished-at="2025-03-26T07:49:27 IST" duration-ms="0" status="PASS">
          <reporter-output>
          </reporter-output>
        </test-method> <!-- init -->
        <test-method is-config="true" signature="tearDown()[pri:0, instance:com.todomvc.test.TodoTest@6193932a]" started-at="2025-03-26T07:49:27 IST" name="tearDown" finished-at="2025-03-26T07:49:27 IST" duration-ms="114" status="PASS">
          <reporter-output>
          </reporter-output>
        </test-method> <!-- tearDown -->
      </class> <!-- com.todomvc.test.TodoTest -->
    </test> <!-- Surefire test -->
  </suite> <!-- Surefire suite -->
</testng-results>
