<?xml version="1.0" encoding="UTF-8"?>
<!-- Generated by org.testng.reporters.JUnitXMLReporter -->
<testsuite ignored="0" hostname="GnanviMonvi" failures="0" tests="5" name="Surefire test" time="2.579" errors="0" timestamp="2025-03-26T07:49:27 IST">
  <testcase classname="com.todomvc.test.TodoTest" name="testAddTodo" time="0.124"/>
  <testcase classname="com.todomvc.test.TodoTest" name="testClearCompleted" time="0.175"/>
  <testcase classname="com.todomvc.test.TodoTest" name="testDeleteTodo" time="0.078"/>
  <testcase classname="com.todomvc.test.TodoTest" name="testFilterTodos" time="0.24"/>
  <testcase classname="com.todomvc.test.TodoTest" name="testMarkCompleted" time="0.06"/>
</testsuite> <!-- Surefire test -->
